<?xml version="1.0" encoding="UTF-8"?>
<testsuite xmlns:xsi="http://www.w3.org/2001/XMLSchema-instance" xsi:noNamespaceSchemaLocation="https://maven.apache.org/surefire/maven-surefire-plugin/xsd/surefire-test-report-3.0.xsd" version="3.0" name="com.lega.bottiktok.BotTiktokApplicationTests" time="5.928" tests="1" errors="0" skipped="0" failures="0">
  <properties>
[...]
</properties>
  <testcase name="contextLoads" classname="com.lega.bottiktok.BotTiktokApplicationTests" time="0.716">
    <system-out><![CDATA[12:14:47.360 [main] INFO org.springframework.test.context.support.AnnotationConfigContextLoaderUtils -- Could not detect default configuration classes for test class [com.lega.bottiktok.BotTiktokApplicationTests]: BotTiktokApplicationTests does not declare any static, non-private, non-final, nested classes annotated with @Configuration.
12:14:47.457 [main] INFO org.springframework.boot.test.context.SpringBootTestContextBootstrapper -- Found @SpringBootConfiguration com.lega.bottiktok.BotTiktokApplication for test class com.lega.bottiktok.BotTiktokApplicationTests
12:14:47.622 [main] INFO org.springframework.boot.devtools.restart.RestartApplicationListener -- Restart disabled due to context in which it is running

  .   ____          _            __ _ _
 /\\ / ___'_ __ _ _(_)_ __  __ _ \ \ \ \
( ( )\___ | '_ | '_| | '_ \/ _` | \ \ \ \
 \\/  ___)| |_)| | | | | || (_| |  ) ) ) )
  '  |____| .__|_| |_|_| |_\__, | / / / /
 =========|_|==============|___/=/_/_/_/

 :: Spring Boot ::                (v3.3.4)

2024-10-09T12:14:47.812-05:00  INFO 5244 --- [bot-tiktok] [           main] c.l.bottiktok.BotTiktokApplicationTests  : Starting BotTiktokApplicationTests using Java 17.0.11 with PID 5244 (started by edgar in C:\Users\edgar\IdeaProjects\bot-tiktok)
2024-10-09T12:14:47.812-05:00  INFO 5244 --- [bot-tiktok] [           main] c.l.bottiktok.BotTiktokApplicationTests  : No active profile set, falling back to 1 default profile: "default"
Comment: igual
Comment: siii
Comment: estás de pedo
Comment: jajja
Comment: de peru
Comment: la otra ves te vi comiendo
2024-10-09T12:14:52.437-05:00  INFO 5244 --- [bot-tiktok] [           main] c.l.bottiktok.BotTiktokApplicationTests  : Started BotTiktokApplicationTests in 4.826 seconds (process running for 5.619)
]]></system-out>
    <system-err><![CDATA[SLF4J(W): Class path contains multiple SLF4J providers.
SLF4J(W): Found provider [ch.qos.logback.classic.spi.LogbackServiceProvider@510f3d34]
SLF4J(W): Found provider [org.slf4j.simple.SimpleServiceProvider@7817fd62]
SLF4J(W): See https://www.slf4j.org/codes.html#multiple_bindings for an explanation.
SLF4J(I): Actual provider is of type [ch.qos.logback.classic.spi.LogbackServiceProvider@510f3d34]
]]></system-err>
  </testcase>
</testsuite>